<?xml version="1.0" encoding="UTF-8" ?>
<testsuite failures="0" time="0.535" errors="0" skipped="0" tests="1" name="pl.project.myapp.StatusProviderTest">
  <properties>
    <property name="java.runtime.name" value="Java(TM) SE Runtime Environment"/>
    <property name="sun.boot.library.path" value="C:\Program Files\Java\jdk1.7.0_21\jre\bin"/>
    <property name="java.vm.version" value="23.21-b01"/>
    <property name="java.vm.vendor" value="Oracle Corporation"/>
    <property name="java.vendor.url" value="http://java.oracle.com/"/>
    <property name="path.separator" value=";"/>
    <property name="java.vm.name" value="Java HotSpot(TM) 64-Bit Server VM"/>
    <property name="file.encoding.pkg" value="sun.io"/>
    <property name="user.script" value=""/>
    <property name="user.country" value="PL"/>
    <property name="sun.java.launcher" value="SUN_STANDARD"/>
    <property name="sun.os.patch.level" value="Service Pack 1"/>
    <property name="java.vm.specification.name" value="Java Virtual Machine Specification"/>
    <property name="user.dir" value="C:\Documents and Settings\a\Desktop\SpringTestMVC2\SpringTestMVC\SpringTestMVC"/>
    <property name="java.runtime.version" value="1.7.0_21-b11"/>
    <property name="java.awt.graphicsenv" value="sun.awt.Win32GraphicsEnvironment"/>
    <property name="basedir" value="C:\Documents and Settings\a\Desktop\SpringTestMVC2\SpringTestMVC\SpringTestMVC"/>
    <property name="java.endorsed.dirs" value="C:\Program Files\Java\jdk1.7.0_21\jre\lib\endorsed"/>
    <property name="os.arch" value="amd64"/>
    <property name="surefire.real.class.path" value="C:\cygwin64\tmp\surefirebooter8787037300711391499.jar"/>
    <property name="java.io.tmpdir" value="C:\Users\a\AppData\Local\Temp\"/>
    <property name="line.separator" value="
"/>
    <property name="java.vm.specification.vendor" value="Oracle Corporation"/>
    <property name="user.variant" value=""/>
    <property name="os.name" value="Windows 7"/>
    <property name="sun.jnu.encoding" value="Cp1250"/>
    <property name="java.library.path" value="C:\Program Files\Java\jdk1.7.0_21\jre\bin;C:\Windows\Sun\Java\bin;C:\Windows\system32;C:\Windows;C:\cygwin64\usr\local\bin;C:\cygwin64\bin;D:\oracleDB\a\product\12.1.0\dbhome_2\bin;D:\oracleDB\a\product\12.1.0\dbhome_1\bin;C:\Windows\system32;C:\Windows;C:\Windows\System32\Wbem;C:\Program Files\Java\jdk1.7.0_21\bin;D:\Program Files\Microsoft SQL Server\110\Tools\Binn;D:\Program Files (x86)\Microsoft SQL Server\110\Tools\Binn\ManagementStudio;D:\Program Files (x86)\Microsoft SQL Server\110\Tools\Binn;D:\Program Files (x86)\Microsoft SQL Server\110\DTS\Binn;C:\apache-maven-2.2.1-bin\apache-maven-2.2.1\bin;C:\Users\a\Downloads\glassfish-4.0\glassfish4\glassfish\bin;D:\hsqldb-2.3.1\hsqldb-2.3.1\hsqldb\bin;."/>
    <property name="surefire.test.class.path" value="C:\Documents and Settings\a\Desktop\SpringTestMVC2\SpringTestMVC\SpringTestMVC\target\test-classes;C:\Documents and Settings\a\Desktop\SpringTestMVC2\SpringTestMVC\SpringTestMVC\target\classes;C:\Users\a\.m2\repository\org\springframework\spring-context\3.1.1.RELEASE\spring-context-3.1.1.RELEASE.jar;C:\Users\a\.m2\repository\org\springframework\spring-aop\3.1.1.RELEASE\spring-aop-3.1.1.RELEASE.jar;C:\Users\a\.m2\repository\aopalliance\aopalliance\1.0\aopalliance-1.0.jar;C:\Users\a\.m2\repository\org\springframework\spring-asm\3.1.1.RELEASE\spring-asm-3.1.1.RELEASE.jar;C:\Users\a\.m2\repository\org\springframework\spring-beans\3.1.1.RELEASE\spring-beans-3.1.1.RELEASE.jar;C:\Users\a\.m2\repository\org\springframework\spring-core\3.1.1.RELEASE\spring-core-3.1.1.RELEASE.jar;C:\Users\a\.m2\repository\org\springframework\spring-expression\3.1.1.RELEASE\spring-expression-3.1.1.RELEASE.jar;C:\Users\a\.m2\repository\org\aspectj\aspectjrt\1.6.10\aspectjrt-1.6.10.jar;C:\Users\a\.m2\repository\org\slf4j\slf4j-api\1.6.6\slf4j-api-1.6.6.jar;C:\Users\a\.m2\repository\org\slf4j\jcl-over-slf4j\1.6.6\jcl-over-slf4j-1.6.6.jar;C:\Users\a\.m2\repository\org\slf4j\slf4j-log4j12\1.6.6\slf4j-log4j12-1.6.6.jar;C:\Users\a\.m2\repository\log4j\log4j\1.2.15\log4j-1.2.15.jar;C:\Users\a\.m2\repository\javax\inject\javax.inject\1\javax.inject-1.jar;C:\Users\a\.m2\repository\javax\servlet\servlet-api\2.5\servlet-api-2.5.jar;C:\Users\a\.m2\repository\javax\servlet\jsp\jsp-api\2.1\jsp-api-2.1.jar;C:\Users\a\.m2\repository\javax\servlet\jstl\1.2\jstl-1.2.jar;C:\Users\a\.m2\repository\org\freemarker\freemarker\2.3.20\freemarker-2.3.20.jar;C:\Users\a\.m2\repository\junit\junit\4.7\junit-4.7.jar;C:\Users\a\.m2\repository\javax\jms\jms\1.1\jms-1.1.jar;C:\Users\a\.m2\repository\org\apache\commons\commons-digester3\3.2\commons-digester3-3.2-with-deps.jar;C:\Users\a\.m2\repository\cglib\cglib\2.2.2\cglib-2.2.2.jar;C:\Users\a\.m2\repository\asm\asm\3.3.1\asm-3.3.1.jar;C:\Users\a\.m2\repository\commons-beanutils\commons-beanutils\1.8.3\commons-beanutils-1.8.3.jar;C:\Users\a\.m2\repository\commons-logging\commons-logging\1.1.1\commons-logging-1.1.1.jar;C:\Users\a\.m2\repository\org\springframework\spring-webmvc\3.1.2.RELEASE\spring-webmvc-3.1.2.RELEASE.jar;C:\Users\a\.m2\repository\org\springframework\spring-context-support\3.1.2.RELEASE\spring-context-support-3.1.2.RELEASE.jar;C:\Users\a\.m2\repository\org\springframework\spring-web\3.1.2.RELEASE\spring-web-3.1.2.RELEASE.jar;"/>
    <property name="java.specification.name" value="Java Platform API Specification"/>
    <property name="java.class.version" value="51.0"/>
    <property name="sun.management.compiler" value="HotSpot 64-Bit Tiered Compilers"/>
    <property name="os.version" value="6.1"/>
    <property name="user.home" value="C:\Users\a"/>
    <property name="user.timezone" value=""/>
    <property name="java.awt.printerjob" value="sun.awt.windows.WPrinterJob"/>
    <property name="java.specification.version" value="1.7"/>
    <property name="file.encoding" value="Cp1250"/>
    <property name="user.name" value="a"/>
    <property name="java.class.path" value="C:\Documents and Settings\a\Desktop\SpringTestMVC2\SpringTestMVC\SpringTestMVC\target\test-classes;C:\Documents and Settings\a\Desktop\SpringTestMVC2\SpringTestMVC\SpringTestMVC\target\classes;C:\Users\a\.m2\repository\org\springframework\spring-context\3.1.1.RELEASE\spring-context-3.1.1.RELEASE.jar;C:\Users\a\.m2\repository\org\springframework\spring-aop\3.1.1.RELEASE\spring-aop-3.1.1.RELEASE.jar;C:\Users\a\.m2\repository\aopalliance\aopalliance\1.0\aopalliance-1.0.jar;C:\Users\a\.m2\repository\org\springframework\spring-asm\3.1.1.RELEASE\spring-asm-3.1.1.RELEASE.jar;C:\Users\a\.m2\repository\org\springframework\spring-beans\3.1.1.RELEASE\spring-beans-3.1.1.RELEASE.jar;C:\Users\a\.m2\repository\org\springframework\spring-core\3.1.1.RELEASE\spring-core-3.1.1.RELEASE.jar;C:\Users\a\.m2\repository\org\springframework\spring-expression\3.1.1.RELEASE\spring-expression-3.1.1.RELEASE.jar;C:\Users\a\.m2\repository\org\aspectj\aspectjrt\1.6.10\aspectjrt-1.6.10.jar;C:\Users\a\.m2\repository\org\slf4j\slf4j-api\1.6.6\slf4j-api-1.6.6.jar;C:\Users\a\.m2\repository\org\slf4j\jcl-over-slf4j\1.6.6\jcl-over-slf4j-1.6.6.jar;C:\Users\a\.m2\repository\org\slf4j\slf4j-log4j12\1.6.6\slf4j-log4j12-1.6.6.jar;C:\Users\a\.m2\repository\log4j\log4j\1.2.15\log4j-1.2.15.jar;C:\Users\a\.m2\repository\javax\inject\javax.inject\1\javax.inject-1.jar;C:\Users\a\.m2\repository\javax\servlet\servlet-api\2.5\servlet-api-2.5.jar;C:\Users\a\.m2\repository\javax\servlet\jsp\jsp-api\2.1\jsp-api-2.1.jar;C:\Users\a\.m2\repository\javax\servlet\jstl\1.2\jstl-1.2.jar;C:\Users\a\.m2\repository\org\freemarker\freemarker\2.3.20\freemarker-2.3.20.jar;C:\Users\a\.m2\repository\junit\junit\4.7\junit-4.7.jar;C:\Users\a\.m2\repository\javax\jms\jms\1.1\jms-1.1.jar;C:\Users\a\.m2\repository\org\apache\commons\commons-digester3\3.2\commons-digester3-3.2-with-deps.jar;C:\Users\a\.m2\repository\cglib\cglib\2.2.2\cglib-2.2.2.jar;C:\Users\a\.m2\repository\asm\asm\3.3.1\asm-3.3.1.jar;C:\Users\a\.m2\repository\commons-beanutils\commons-beanutils\1.8.3\commons-beanutils-1.8.3.jar;C:\Users\a\.m2\repository\commons-logging\commons-logging\1.1.1\commons-logging-1.1.1.jar;C:\Users\a\.m2\repository\org\springframework\spring-webmvc\3.1.2.RELEASE\spring-webmvc-3.1.2.RELEASE.jar;C:\Users\a\.m2\repository\org\springframework\spring-context-support\3.1.2.RELEASE\spring-context-support-3.1.2.RELEASE.jar;C:\Users\a\.m2\repository\org\springframework\spring-web\3.1.2.RELEASE\spring-web-3.1.2.RELEASE.jar;"/>
    <property name="java.vm.specification.version" value="1.7"/>
    <property name="sun.arch.data.model" value="64"/>
    <property name="java.home" value="C:\Program Files\Java\jdk1.7.0_21\jre"/>
    <property name="sun.java.command" value="C:\cygwin64\tmp\surefirebooter8787037300711391499.jar C:\cygwin64\tmp\surefire7028178173748597882tmp C:\cygwin64\tmp\surefire6686782754789683086tmp"/>
    <property name="java.specification.vendor" value="Oracle Corporation"/>
    <property name="user.language" value="pl"/>
    <property name="awt.toolkit" value="sun.awt.windows.WToolkit"/>
    <property name="java.vm.info" value="mixed mode"/>
    <property name="java.version" value="1.7.0_21"/>
    <property name="java.ext.dirs" value="C:\Program Files\Java\jdk1.7.0_21\jre\lib\ext;C:\Windows\Sun\Java\lib\ext"/>
    <property name="sun.boot.class.path" value="C:\Program Files\Java\jdk1.7.0_21\jre\lib\resources.jar;C:\Program Files\Java\jdk1.7.0_21\jre\lib\rt.jar;C:\Program Files\Java\jdk1.7.0_21\jre\lib\sunrsasign.jar;C:\Program Files\Java\jdk1.7.0_21\jre\lib\jsse.jar;C:\Program Files\Java\jdk1.7.0_21\jre\lib\jce.jar;C:\Program Files\Java\jdk1.7.0_21\jre\lib\charsets.jar;C:\Program Files\Java\jdk1.7.0_21\jre\lib\jfr.jar;C:\Program Files\Java\jdk1.7.0_21\jre\classes"/>
    <property name="java.vendor" value="Oracle Corporation"/>
    <property name="localRepository" value="C:\Users\a\.m2\repository"/>
    <property name="file.separator" value="\"/>
    <property name="java.vendor.url.bug" value="http://bugreport.sun.com/bugreport/"/>
    <property name="sun.cpu.endian" value="little"/>
    <property name="sun.io.unicode.encoding" value="UnicodeLittle"/>
    <property name="sun.desktop" value="windows"/>
    <property name="sun.cpu.isalist" value="amd64"/>
  </properties>
  <testcase time="0.431" classname="pl.project.myapp.StatusProviderTest" name="pingTest"/>
</testsuite>